<?xml version="1.0" encoding="UTF-8"?>
<robot generator="Robot 7.0.1 (Python 3.12.4 on darwin)" generated="2024-06-26T17:51:08.560690" rpa="false" schemaversion="5">
<suite id="s1" name="Login" source="/Users/chellicapple/PycharmProjects/TestLogin/login.robot">
<test id="s1-t1" name="Test case 1: Positive LogIn test" line="6">
<kw name="Open Browser" owner="SeleniumLibrary">
<msg time="2024-06-26T17:51:08.651875" level="INFO">Opening browser 'Chrome' to base url 'https://practicetestautomation.com/practice-test-login/'.</msg>
<arg>https://practicetestautomation.com/practice-test-login/</arg>
<arg>Chrome</arg>
<doc>Opens a new browser instance to the optional ``url``.</doc>
<status status="PASS" start="2024-06-26T17:51:08.651613" elapsed="2.170367"/>
</kw>
<kw name="Wait Until Page Contains" owner="SeleniumLibrary">
<arg>Submit</arg>
<doc>Waits until ``text`` appears on the current page.</doc>
<status status="PASS" start="2024-06-26T17:51:10.823032" elapsed="0.011223"/>
</kw>
<kw name="Input Text" owner="SeleniumLibrary">
<msg time="2024-06-26T17:51:10.835067" level="INFO">Typing text 'student' into text field 'id:username'.</msg>
<arg>id:username</arg>
<arg>student</arg>
<doc>Types the given ``text`` into the text field identified by ``locator``.</doc>
<status status="PASS" start="2024-06-26T17:51:10.834552" elapsed="0.123355"/>
</kw>
<kw name="Input Password" owner="SeleniumLibrary">
<msg time="2024-06-26T17:51:10.958925" level="INFO">Typing password into text field 'id:password'.</msg>
<msg time="2024-06-26T17:51:10.979775" level="INFO">Temporally setting log level to: NONE</msg>
<arg>id:password</arg>
<arg>Password123</arg>
<doc>Types the given password into the text field identified by ``locator``.</doc>
<status status="PASS" start="2024-06-26T17:51:10.958435" elapsed="0.053362"/>
</kw>
<kw name="Click Element" owner="SeleniumLibrary">
<msg time="2024-06-26T17:51:11.012118" level="INFO">Clicking element 'id:submit'.</msg>
<arg>id:submit</arg>
<doc>Click the element identified by ``locator``.</doc>
<status status="PASS" start="2024-06-26T17:51:11.011968" elapsed="0.673395"/>
</kw>
<kw name="Wait Until Location Contains" owner="SeleniumLibrary">
<arg>practicetestautomation.com/logged-in-successfully/</arg>
<doc>Waits until the current URL contains ``expected``.</doc>
<status status="PASS" start="2024-06-26T17:51:11.685516" elapsed="0.002899"/>
</kw>
<kw name="Page Should Contain" owner="SeleniumLibrary">
<msg time="2024-06-26T17:51:11.697393" level="INFO">Current page contains text 'Congratulations'.</msg>
<arg>Congratulations</arg>
<doc>Verifies that current page contains ``text``.</doc>
<status status="PASS" start="2024-06-26T17:51:11.688569" elapsed="0.008932"/>
</kw>
<kw name="Page Should Contain" owner="SeleniumLibrary">
<msg time="2024-06-26T17:51:11.706089" level="INFO">Current page contains text 'successfully logged in'.</msg>
<arg>successfully logged in</arg>
<doc>Verifies that current page contains ``text``.</doc>
<status status="PASS" start="2024-06-26T17:51:11.697616" elapsed="0.008590"/>
</kw>
<kw name="Page Should Contain Element" owner="SeleniumLibrary">
<msg time="2024-06-26T17:51:11.712381" level="INFO">Current page contains element 'id:loop-container'.</msg>
<arg>id:loop-container</arg>
<doc>Verifies that element ``locator`` is found on the current page.</doc>
<status status="PASS" start="2024-06-26T17:51:11.706338" elapsed="0.006180"/>
</kw>
<status status="PASS" start="2024-06-26T17:51:08.651121" elapsed="3.061523"/>
</test>
<doc>Login Script using Selenium with Robot Framework</doc>
<status status="PASS" start="2024-06-26T17:51:08.566897" elapsed="3.146049"/>
</suite>
<statistics>
<total>
<stat pass="1" fail="0" skip="0">All Tests</stat>
</total>
<tag>
</tag>
<suite>
<stat pass="1" fail="0" skip="0" id="s1" name="Login">Login</stat>
</suite>
</statistics>
<errors>
</errors>
</robot>
